C51 COMPILER V9.00   BEEP                                                                  01/21/2016 00:22:20 PAGE 1   


C51 COMPILER V9.00, COMPILATION OF MODULE BEEP
OBJECT MODULE PLACED IN .\Output\beep.obj
COMPILER INVOKED BY: E:\ARM\C51\BIN\C51.EXE User\beep.c COMPACT BROWSE DEBUG OBJECTEXTEND PRINT(.\Listing\beep.lst) TABS
                    -(2) OBJECT(.\Output\beep.obj)

line level    source

   1          #include "beep.h"
   2          uchar WD4,WD5,WD6; 
   3          //--------------
   4          //   高温报警
   5          //--------------
   6          void BJ_DS18B20()   //延时太长
   7          {
   8   1        if(((WD4>=2)&&(WD5>=8)&&(WD6>=0))||(WD4>=4))
   9   1        {
  10   2          beep=0;
  11   2          delay(3000);
  12   2          beep=1;
  13   2          delay(3000);
  14   2        }
  15   1      
  16   1        else
  17   1        beep=1;
  18   1      
  19   1      }     
  20          void BS()
  21          {
  22   1        uchar i;
  23   1        for(i=0;i<10;i++)
  24   1        {
  25   2          yellow=0;
  26   2          beep=0;
  27   2          delay(2000);
  28   2          yellow=1;
  29   2          beep=1;
  30   2          delay(2000);
  31   2        }
  32   1      }


MODULE INFORMATION:   STATIC OVERLAYABLE
   CODE SIZE        =     86    ----
   CONSTANT SIZE    =   ----    ----
   XDATA SIZE       =   ----    ----
   PDATA SIZE       =      3       1
   DATA SIZE        =   ----    ----
   IDATA SIZE       =   ----    ----
   BIT SIZE         =   ----    ----
END OF MODULE INFORMATION.


C51 COMPILATION COMPLETE.  0 WARNING(S),  0 ERROR(S)
