C51 COMPILER V9.00   DELAY                                                                 01/21/2016 00:22:20 PAGE 1   


C51 COMPILER V9.00, COMPILATION OF MODULE DELAY
OBJECT MODULE PLACED IN .\Output\delay.obj
COMPILER INVOKED BY: E:\ARM\C51\BIN\C51.EXE User\delay.c COMPACT BROWSE DEBUG OBJECTEXTEND PRINT(.\Listing\delay.lst) TA
                    -BS(2) OBJECT(.\Output\delay.obj)

line level    source

   1          #include "delay.h"
   2          
   3          void delay(int u)
   4          {
   5   1        int y;
   6   1        for(;u>0;u--)
   7   1        for(y=110;y>0;y--);
   8   1      }


MODULE INFORMATION:   STATIC OVERLAYABLE
   CODE SIZE        =     32    ----
   CONSTANT SIZE    =   ----    ----
   XDATA SIZE       =   ----    ----
   PDATA SIZE       =   ----    ----
   DATA SIZE        =   ----    ----
   IDATA SIZE       =   ----    ----
   BIT SIZE         =   ----    ----
END OF MODULE INFORMATION.


C51 COMPILATION COMPLETE.  0 WARNING(S),  0 ERROR(S)
