C51 COMPILER V9.00   DS1302                                                                01/21/2016 00:22:19 PAGE 1   


C51 COMPILER V9.00, COMPILATION OF MODULE DS1302
OBJECT MODULE PLACED IN .\Output\ds1302.obj
COMPILER INVOKED BY: E:\ARM\C51\BIN\C51.EXE User\ds1302.c COMPACT BROWSE DEBUG OBJECTEXTEND PRINT(.\Listing\ds1302.lst) 
                    -TABS(2) OBJECT(.\Output\ds1302.obj)

line level    source

   1          #include "ds1302.h"
   2          
   3          const uchar code READ_ADDR[7]={0x81,0x83,0x85,0x87,0x89,0x8B,0x8D};   //读地址 
   4          const uchar code  WRITE_ADDR[7]={0x80,0x82,0x84,0x86,0x88,0x8a,0x8c}; //写地址
   5          //======================
   6          //DS1302写入一个字节函数
   7          //======================
   8          void write_byte13(uchar dat)
   9          {
  10   1        uchar n;
  11   1        SCK1=0;
  12   1        for(n=0;n<8;n++)
  13   1          {
  14   2          SDA1=dat&0x01;
  15   2          SCK1=1;
  16   2          SCK1=0;
  17   2          dat>>=1;
  18   2          }
  19   1      }
  20          //======================
  21          //DS1302读取一个字节函数
  22          //======================
  23          uchar read_byte13()
  24          {
  25   1        uchar n,temp;
  26   1        for(n=0;n<8;n++)
  27   1          {
  28   2            if(SDA1==1)
  29   2            temp=(temp>>1)|0x80;
  30   2          else
  31   2          temp>>=1;
  32   2          SCK1=1;
  33   2          SCK1=0;
  34   2          }
  35   1        return(temp);  
  36   1      }   
  37          //=============================
  38          //读取数据（先写地址，再读数据）
  39          //=============================
  40          uchar read_1302(uchar addr)
  41          {
  42   1         uchar dat;
  43   1         RT1=0;
  44   1         SCK1=0;
  45   1         RT1=1;
  46   1         write_byte13(addr);
  47   1         dat=read_byte13();
  48   1         SCK1=1;
  49   1         RT1=0;
  50   1         return(dat);
  51   1      }
  52          //=========================
  53          //写入数据（先地址，后数据）
  54          //=========================
C51 COMPILER V9.00   DS1302                                                                01/21/2016 00:22:19 PAGE 2   

  55          void write_1302(uchar addr,uchar dat)
  56          {
  57   1        RT1=0;
  58   1        SCK1=0;
  59   1        RT1=1;
  60   1        write_byte13(addr);
  61   1        write_byte13(dat);
  62   1        SCK1=1;
  63   1        RT1=0;
  64   1      } 
  65          //==============
  66          //  读取时间
  67          //==============
  68          void getting()
  69          {
  70   1        uchar i;
  71   1        for(i=0;i<7;i++)
  72   1        {
  73   2        time[i]=read_1302(READ_ADDR[i]);
  74   2        }
  75   1      }
  76          //=================
  77          //  初始化时间
  78          //=================
  79          void Init_1302()
  80          {
  81   1        SCK1=0;  //拉低时钟信号
  82   1        RT1=0;   //复位ds1302
  83   1        RT1=1;   //使能ds1302
  84   1        write_1302(0x8e,0X00);//      00
  85   1        write_1302(0x80,0x00);//second    00
  86   1        write_1302(0x82,0x59);//minute    59
  87   1        write_1302(0x84,0x23);//hour    23
  88   1        write_1302(0x8a,0x05);//week    05
  89   1        write_1302(0x86,0x24);//day     24
  90   1        write_1302(0x88,0x08);//month   08
  91   1        write_1302(0x8c,0x15);//year    15
  92   1        write_1302(0x8e,0X80);//      80
  93   1        RT1=0;   //复位
  94   1      }


MODULE INFORMATION:   STATIC OVERLAYABLE
   CODE SIZE        =    169    ----
   CONSTANT SIZE    =     14    ----
   XDATA SIZE       =   ----    ----
   PDATA SIZE       =   ----    ----
   DATA SIZE        =   ----    ----
   IDATA SIZE       =   ----    ----
   BIT SIZE         =   ----    ----
END OF MODULE INFORMATION.


C51 COMPILATION COMPLETE.  0 WARNING(S),  0 ERROR(S)
