C51 COMPILER V9.00   DS18B20                                                               01/21/2016 00:22:20 PAGE 1   


C51 COMPILER V9.00, COMPILATION OF MODULE DS18B20
OBJECT MODULE PLACED IN .\Output\ds18b20.obj
COMPILER INVOKED BY: E:\ARM\C51\BIN\C51.EXE User\ds18b20.c COMPACT BROWSE DEBUG OBJECTEXTEND PRINT(.\Listing\ds18b20.lst
                    -) TABS(2) OBJECT(.\Output\ds18b20.obj)

line level    source

   1          #include "ds18b20.h"
   2          #include "intrins.h"
   3          uchar xs=0,Tem=0,Tem1=0,Tem2=0;
   4          //*************************延时函数
   5          void delay18(uint z)   
   6          {
   7   1      while(z--)
   8   1        {
   9   2              _nop_(); 
  10   2              _nop_();  
  11   2        }  
  12   1      }
  13          //*************************启动总线
  14          void IIC_DS18B20()
  15          {
  16   1        uchar x;
  17   1        DQ=1;
  18   1        delay18(8); 
  19   1        DQ=0;
  20   1        delay18(240);
  21   1        delay18(240); 
  22   1        DQ=1;
  23   1        delay18(60);  
  24   1        x=DQ;
  25   1        delay18(240);
  26   1        delay18(180);   
  27   1      }
  28          //*************************写数据
  29          void write_DS18B20(uchar dat)
  30          {
  31   1        uint i;
  32   1        for(i=0;i<8;i++)
  33   1        {
  34   2          DQ=0;
  35   2          delay18(1);
  36   2          DQ=dat&0x01;
  37   2          delay18(60);  
  38   2          DQ=1;
  39   2          dat>>=1;    
  40   2        }
  41   1        delay18(1);
  42   1      }
  43          //***************************读数据
  44          uchar read_DS18B20()
  45          {
  46   1        uchar i,dat=0;
  47   1        for(i=0;i<8;i++)
  48   1        {
  49   2          DQ=0;
  50   2          dat>>=1;
  51   2          delay18(1);
  52   2          DQ=1;
  53   2          delay18(1);
  54   2          if(DQ==1)
C51 COMPILER V9.00   DS18B20                                                               01/21/2016 00:22:20 PAGE 2   

  55   2          dat|=0x80;
  56   2          delay18(60);
  57   2        }
  58   1        return(dat);
  59   1      }
  60          //**************************读取当前温度
  61          void ReadTem()
  62          {
  63   1        uchar TL=0,TH=0;
  64   1        IIC_DS18B20();
  65   1        write_DS18B20(0xcc);  // 跳过读序号列号的操作
  66   1        write_DS18B20(0x44);  // 启动温度转换
  67   1        delay18(1000);
  68   1        IIC_DS18B20();
  69   1        write_DS18B20(0xcc);
  70   1        write_DS18B20(0xbe);    //读取温度寄存器等（共可读9个寄存器） 前两个就是温度
  71   1        delay18(1000);
  72   1        TL=read_DS18B20();
  73   1        TH=read_DS18B20();
  74   1        Tem1=TH<<4;           //高8位中后三位数的值
  75   1        Tem1+=(TL&0xf0)>>4;   //低8位中的高4位值加上高8位中后三位数的值   temp1室温整数值
  76   1        Tem2=TL&0x0f;         //小数的值
  77   1        Tem=((TH*256+TL)>>4);  //当前采集温度值除16得 实际温度值   整数
  78   1        xs=Tem2*0.0625*10;   //小数位,若为0.5则算为5来显示  小数
  79   1      }
  80          //**************************温度值显示
  81          void search_DS18B20()
  82          {
  83   1         ReadTem();
  84   1         shuzu[0]=Tem/10;
  85   1         WD4=shuzu[0];
  86   1         shuzu[1]=Tem%10;
  87   1         WD5=shuzu[1];
  88   1         shuzu[2]=xs;
  89   1         WD6=shuzu[2];
  90   1      }


MODULE INFORMATION:   STATIC OVERLAYABLE
   CODE SIZE        =    322    ----
   CONSTANT SIZE    =   ----    ----
   XDATA SIZE       =   ----    ----
   PDATA SIZE       =      4       1
   DATA SIZE        =   ----    ----
   IDATA SIZE       =   ----    ----
   BIT SIZE         =   ----    ----
END OF MODULE INFORMATION.


C51 COMPILATION COMPLETE.  0 WARNING(S),  0 ERROR(S)
