C51 COMPILER V9.00   MAIN                                                                  01/21/2016 00:22:19 PAGE 1   


C51 COMPILER V9.00, COMPILATION OF MODULE MAIN
OBJECT MODULE PLACED IN .\Output\main.obj
COMPILER INVOKED BY: E:\ARM\C51\BIN\C51.EXE User\main.c COMPACT BROWSE DEBUG OBJECTEXTEND PRINT(.\Listing\main.lst) TABS
                    -(2) OBJECT(.\Output\main.obj)

line level    source

   1          //************************************
   2          //************************************
   3          //        by：走路去散步
   4          //          2016.1.19
   5          //------------------------------------
   6          //        温度计电子钟
   7          //************************************
   8          //      缺点：定时器没调试好
   9          #include "reg52.h"
  10          #include "key.h"
  11          void Time_Init();
  12          int main()
  13          {
  14   1          Init_1302();
  15   1        OLED_Init(); //OLED初始化
  16   1        Time_Init(); //定时器
  17   1        while(1)
  18   1        {
  19   2           getting();
  20   2         xianshi1_DS1302();
  21   2           xianshi2_DS1302();     
  22   2         ping0();
  23   2         into1();
  24   2         into3_21();
  25   2         into3_31();
  26   2         into1_21();
  27   2         green=0;
  28   2         delay(50);
  29   2         green=1;
  30   2         BJ_DS18B20();
  31   2        }
  32   1      }
  33          void Time_Init()
  34          {
  35   1        TMOD=0X01;
  36   1        TH0=0x47;                  //(65536-47200)/256; //50ms
  37   1        TL0=0xa0;                  //(65536-47200)%256;
  38   1        EA=1;
  39   1        ET0=1;
  40   1        TR0=1;
  41   1      }
  42          void Time9()interrupt 1
  43          {
  44   1        TH0=0x47;                  //(65536-47200)/256;
  45   1        TL0=0xa0;                  //(65536-47200)%256;
  46   1        if(MB==1)
  47   1        LQ++; 
  48   1      }


MODULE INFORMATION:   STATIC OVERLAYABLE
   CODE SIZE        =     98    ----
   CONSTANT SIZE    =   ----    ----
   XDATA SIZE       =   ----    ----
C51 COMPILER V9.00   MAIN                                                                  01/21/2016 00:22:19 PAGE 2   

   PDATA SIZE       =     47    ----
   DATA SIZE        =   ----    ----
   IDATA SIZE       =   ----    ----
   BIT SIZE         =   ----    ----
END OF MODULE INFORMATION.


C51 COMPILATION COMPLETE.  0 WARNING(S),  0 ERROR(S)
